












 ***********************************************************************************************************************
 *                                                                                                                     *
 *                                                                                                                     *
 *                    W A T E R   H A M M E R   A N D   M A S S   O S C I L L A T I O N   M O D E L                    *
 *                    =============================================================================                    *
 *                                                                                                                     *
 *                                                                                                                     *
 *           VERSION 3.1                       CAMP DRESSER AND MCKEE, INC.                       FEB., 1998           *
 *           -----------                       ----------------------------                       ----------           *
 *                                                                                                                     *
 *                                                                                                                     *
 *                  c Project Name                                                                                     *
 *                  --------------------------------------------------------------------------------                   *
 *                                                                                                                     *
 *                                                                                                                     *
 *        D A T E :   2/ 3/26                                                             T I M E :  10:44:38          *
 *        =====================                                                           =====================        *
 *                                                                                                                     *
 *                                                                                                                     *
 ***********************************************************************************************************************








                                                                  ==========
                                                                ==.""".."". ==
                                                              ==  .""""""".   ==
                                                             ==    .""""".     ==
                                                            ==      ."""        ==
                                                           ==          """"..... ==
                                                           ==            .""""". ==
                                                           ==            ."""".  ==
                                                           ==             ."".   ==
                                                            ==            .".   ==       CAMP DRESSER AND MCKEE
                                                             ==           ..   ==
                                                              ==          "".  ==        TEN CAMBRIDGE CENTER
                                                                ==      ....==
                                                                  ==========             CAMBRIDGE, MASS. 02142, USA

  C  SYSTEM CONNECTIVITY                                                          
                                                                                  
  SYSTEM                                                                          
                                                                                  
  ELEM HW AT 1                                                                    
  ELEM C1 LINK 1 2                                                                
                                                                                  
  JUNCTION AT 2                                                                   
                                                                                  
  ELEM D1 LINK 2 100                                                              
  ELEM ST AT 100                                                                  
  ELEM D2 LINK 2 3                                                                
  ELEM C2 LINK 3 4                                                                
  ELEM C3 LINK 4 5                                                                
  ELEM C4 LINK 5 6                                                                
                                                                                  
  JUNCTION AT 6                                                                   
                                                                                  
  ELEM C5 LINK 6 7                                                                
  ELEM C6 LINK 7 51                                                               
  ELEM FB1 AT 51                                                                  
                                                                                  
  ELEM C7 LINK 6 8                                                                
  ELEM C8 LINK 8 52                                                               
  ELEM FB2 AT 52                                                                  
                                                                                  
  ELEM D3 LINK 2 21                                                               
  ELEM C9 LINK 21 22                                                              
  ELEM C10 LINK 22 23                                                             
  ELEM C11 LINK 23 24                                                             
                                                                                  
  JUNCTION AT 24                                                                  
                                                                                  
  ELEM C12 LINK 24 25                                                             
  ELEM C13 LINK 25 53                                                             
                                                                                  
  ELEM FB3 AT 53                                                                  
                                                                                  
  ELEM C14 LINK 24 26                                                             
  ELEM C15 LINK 26 54                                                             
                                                                                  
  ELEM FB4 AT 54                                                                  
                                                                                  
  NODE 1 ELEV 4022.31                                                             
  NODE 2 ELEV 3947.44                                                             
  NODE 3 ELEV 3940.78                                                             
  NODE 4 ELEV 3891.57                                                             
  NODE 5 ELEV 3486.88                                                             
  NODE 6 ELEV 3437.66                                                             
  NODE 7 ELEV 3437.66                                                             
  NODE 8 ELEV 3437.66                                                             
  NODE 21 ELEV 3940.78                                                            
  NODE 22 ELEV 3891.57                                                            
  NODE 23 ELEV 3486.88                                                            
  NODE 24 ELEV 3437.66                                                            
  NODE 25 ELEV 3437.66                                                            
  NODE 26 ELEV 3437.66                                                            
  NODE 51 ELEV 3437.66                                                            
  NODE 52 ELEV 3437.66                                                            
  NODE 53 ELEV 3437.66                                                            
  NODE 54 ELEV 3437.66                                                            
                                                                                  
  FINISH                                                                          
                                                                                  
  C ELEMENT PROPERTIES                                                            
                                                                                  
  RESERVOIR                                                                       
   ID HW                                                                          
   ELEV 4130.58                                                                   
   FINISH                                                                         
                                                                                  
  CONDUIT ID C1 LENG 13405.51 DIAM 34.45 CELE 2852.51 FRIC 0.008                  
  ADDEDLOSS CPLUS 0.1 CMINUS 0.1 NUMSEG 5 FINISH                                  
  CONDUIT ID C2 LENG 1018.57 DIAM 23.79 CELE 2207.66 FRIC 0.0041 NUMSEG 3 FINISH  
  CONDUIT ID C3 LENG 404.69 DIAM 23.79 CELE 2622.79 FRIC 0.0041 NUMSEG 1 FINISH   
  CONDUIT ID C4 LENG 335.79 DIAM 23.79 CELE 2838.77 FRIC 0.0041 NUMSEG 1 FINISH   
  CONDUIT ID C5 LENG 47.57 DIAM 20.92 CELE 2954.81 FRIC 0.0043 NUMSEG 1 FINISH    
  CONDUIT ID C6 LENG 176.71 DIAM 18.04 CELE 2846.39 FRIC 0.0045 NUMSEG 1 FINISH   
  CONDUIT ID C7 LENG 47.57 DIAM 20.92 CELE 2954.81 FRIC 0.0043 NUMSEG 1 FINISH    
  CONDUIT ID C8 LENG 206.53 DIAM 18.04 CELE 2846.39 FRIC 0.0045 NUMSEG 1 FINISH   
  CONDUIT ID C9 LENG 1018.57 DIAM 23.79 CELE 2207.66 FRIC 0.0041 NUMSEG 3 FINISH  
  CONDUIT ID C10 LENG 404.69 DIAM 23.79 CELE 2622.79 FRIC 0.0041 NUMSEG 1 FINISH  
  CONDUIT ID C11 LENG 335.79 DIAM 23.79 CELE 2838.77 FRIC 0.0041 NUMSEG 1 FINISH  
  CONDUIT ID C12 LENG 45.77 DIAM 20.92 CELE 2954.81 FRIC 0.0043 NUMSEG 1 FINISH   
  CONDUIT ID C13 LENG 206.53 DIAM 18.04 CELE 2846.39 FRIC 0.0045 NUMSEG 1 FINISH  
  CONDUIT ID C14 LENG 57.57 DIAM 20.92 CELE 2954.81 FRIC 0.0043 NUMSEG 1 FINISH   
  CONDUIT ID C15 LENG 176.71 DIAM 18.04 CELE 2846.39 FRIC 0.0045 NUMSEG 1 FINISH  
                                                                                  
  CONDUIT ID D1                                                                   
   DUMMY                                                                          
   DIAMETER 19.36                                                                 
   ADDEDLOSS                                                                      
   CPLUS 2.367                                                                    
   CMINUS 2.041                                                                   
  FINISH                                                                          
                                                                                  
  CONDUIT ID D2                                                                   
   DUMMY                                                                          
   DIAMETER 27.3                                                                  
   ADDEDLOSS                                                                      
   CPLUS 2.367                                                                    
   CMINUS 2.041                                                                   
  FINISH                                                                          
                                                                                  
  CONDUIT ID D3                                                                   
   DUMMY                                                                          
   DIAMETER 27.3                                                                  
   ADDEDLOSS                                                                      
   CPLUS 2.367                                                                    
   CMINUS 2.041                                                                   
  FINISH                                                                          
                                                                                  
  SURGETANK                                                                       
   ID ST SIMPLE                                                                   
   ELTOP 4215.88                                                                  
   ELBOTTOM 3918.96                                                               
   DIAM 101.71                                                                    
   CELERITY 2499.63                                                               
   FRICTION 0.0057                                                                
  FINISH                                                                          
                                                                                  
  FLOWBC ID FB1 QSCHEDULE 1 FINISH                                                
  FLOWBC ID FB2 QSCHEDULE 2 FINISH                                                
  FLOWBC ID FB3 QSCHEDULE 3 FINISH                                                
  FLOWBC ID FB4 QSCHEDULE 4 FINISH                                                
                                                                                  
                                                                                  
  SCHEDULE                                                                        
   QSCHEDULE 1 T 0 Q 3000 T 20 Q 0 T 3000 Q 0                                     
   QSCHEDULE 2 T 0 Q 3000 T 20 Q 0 T 3000 Q 0                                     
   QSCHEDULE 3 T 0 Q 3000 T 20 Q 0 T 3000 Q 0                                     
   QSCHEDULE 4 T 0 Q 3000 T 20 Q 0 T 3000 Q 0                                     
                                                                                  
  FINISH                                                                          
                                                                                  
                                                                                  
  C OUTPUT REQUEST                                                                
                                                                                  
  HISTORY                                                                         
   NODE 2 Q HEAD                                                                  
   ELEM ST Q ELEV                                                                 
   NODE 51 PRESSURE HEAD                                                          
   NODE 52 PRESSURE HEAD                                                          
   NODE 53 PRESSURE HEAD                                                          
   NODE 54 PRESSURE HEAD                                                          
  FINISH                                                                          
                                                                                  
                                                                                  
  C COMPUTATIONAL PARAMETERS                                                      
  CONTROL                                                                         
   DTCOMP 0.01 DTOUT .1 TMAX 500.0                                                
  FINISH                                                                          
                                                                                  
  C EXECUTION CONTROL                                                             
  GO                                                                              

   SYSTEM COMPONENTS
   =================

      ELEMENTS                25
        CONDUITS                15
        PUMPS                    0
        PUMP-TURBINES            0
        TURBINES                 0
        VALVES                   0
        DIAMETER CHANGES         0
        DUMMY ELEMENTS           3
        RESERVOIRS               1
        FLOW BOUNDARIES          4
        SURGE TANKS              1
        SIMPLE JUNCTIONS         0
        TEE JUNCTIONS            0
        GOVERNORS                0

      COMPUTATIONAL ELEMENTS  27

      NODES                   19

      BRANCHES                21

   SYSTEM ELEMENTS
   ===============

         ELEMENT
        IDENTIFIER          TYPE
        ----------    ----------------

           C1              CONDUIT    
           D1           DUMMY ELEMENT 
           C2              CONDUIT    
           D2           DUMMY ELEMENT 
           C3              CONDUIT    
           D3           DUMMY ELEMENT 
           C4              CONDUIT    
           C5              CONDUIT    
           C6              CONDUIT    
           C7              CONDUIT    
           C8              CONDUIT    
           C9              CONDUIT    
           ST            SURGE TANK   
           HW             RESERVOIR   
           C10             CONDUIT    
           C11             CONDUIT    
           FB1          FLOW BOUNDARY 
           C12             CONDUIT    
           FB2          FLOW BOUNDARY 
           C13             CONDUIT    
           FB3          FLOW BOUNDARY 
           C14             CONDUIT    
           FB4          FLOW BOUNDARY 
           C15             CONDUIT    
CONDUIT DATA
 ============



                                             SEGMENT
                    LENGTH     NUMBER OF     LENGTH       DIAMETER       AREA       FRICTION    CELERITY
    IDENTIFIER      (FEET)     SEGMENTS      (FEET)        (FEET)       (SQ FT)      FACTOR     (FT/SEC)
    ----------      ------     ---------     -------      --------      -------      -------    --------

        C1         13405.5         5         2681.1         34.45       932.11         .008      2852.5

                    ADDEDLOSS AT      .0 (FEET) 
                      CPLUS  =    .10
                      CMINUS =    .10

        D1       DUMMY CONDUIT

                    ADDEDLOSS AT      .0 (FEET) 
                      CPLUS  =   2.37
                      CMINUS =   2.04

        D2       DUMMY CONDUIT

                    ADDEDLOSS AT      .0 (FEET) 
                      CPLUS  =   2.37
                      CMINUS =   2.04

        C2          1018.6         3          339.5         23.79       444.51         .004      2207.7

        C3           404.7         1          404.7         23.79       444.51         .004      2622.8

        C4           335.8         1          335.8         23.79       444.51         .004      2838.8

        C5            47.6         1           47.6         20.92       343.73         .004      2954.8

        C6           176.7         1          176.7         18.04       255.60         .004      2846.4

        C7            47.6         1           47.6         20.92       343.73         .004      2954.8

        C8           206.5         1          206.5         18.04       255.60         .004      2846.4

        D3       DUMMY CONDUIT

                    ADDEDLOSS AT      .0 (FEET) 
                      CPLUS  =   2.37
                      CMINUS =   2.04

                                             SEGMENT
                    LENGTH     NUMBER OF     LENGTH       DIAMETER       AREA       FRICTION    CELERITY
    IDENTIFIER      (FEET)     SEGMENTS      (FEET)        (FEET)       (SQ FT)      FACTOR     (FT/SEC)
    ----------      ------     ---------     -------      --------      -------      -------    --------

        C9          1018.6         3          339.5         23.79       444.51         .004      2207.7

        C10          404.7         1          404.7         23.79       444.51         .004      2622.8

        C11          335.8         1          335.8         23.79       444.51         .004      2838.8

        C12           45.8         1           45.8         20.92       343.73         .004      2954.8

        C13          206.5         1          206.5         18.04       255.60         .004      2846.4

        C14           57.6         1           57.6         20.92       343.73         .004      2954.8

        C15          176.7         1          176.7         18.04       255.60         .004      2846.4
BOUNDARY CONDITION DATA
 =======================



                 CONSTANT       ELEVATION      CONSTANT       DISCHARGE
                 ELEVATION       SCHEDULE      DISCHARGE       SCHEDULE
   IDENTIFIER     (FEET)          NUMBER        (CFS)           NUMBER
   ----------    ---------      ----------     ----------     ----------

     HW          4130.58            -               -             -

     FB1             -              -               -             1

     FB2             -              -               -             2

     FB3             -              -               -             3

     FB4             -              -               -             4




 SURGE TANK DATA
 ===============

    SIMPLE AND ONEWAY SURGE TANKS
    -----------------------------
                                                                ----------------- SIDE OUTLET ----------------
                  BOTTOM       TOP                                BOTTOM     DIAM. OR
                ELEVATION   ELEVATION    FRICTION    CELERITY   ELEVATION     WIDTH       HEIGHT     ORIFICE
    IDENTIFIER    (FEET)      (FEET)      FACTOR     (FT/SEC)     (FEET)      (FEET)      (FEET)      COEF.
    ----------  ----------  ----------  ----------  ----------  ----------  ----------  ----------  ---------- 

        ST        3919.0      4215.9        .006       2500.

           GEOMETRY
              ELEV  (FEET)    3919.0   4067.4   4215.9
              AREA  (SQ FT)   8124.9   8124.9   8124.9
VALVE, LOAD, AND BOUNDARY CONDITION SCHEDULES
 =============================================




  BOUNDARY DISCHARGE SCHEDULE   1      DISCHARGE (CFS)   VERSUS TIME (SECONDS)
  -----------------------------------

    TIME                  .00     20.00   3000.00
    VALUE             3000.00       .00       .00






  BOUNDARY DISCHARGE SCHEDULE   2      DISCHARGE (CFS)   VERSUS TIME (SECONDS)
  -----------------------------------

    TIME                  .00     20.00   3000.00
    VALUE             3000.00       .00       .00






  BOUNDARY DISCHARGE SCHEDULE   3      DISCHARGE (CFS)   VERSUS TIME (SECONDS)
  -----------------------------------

    TIME                  .00     20.00   3000.00
    VALUE             3000.00       .00       .00






  BOUNDARY DISCHARGE SCHEDULE   4      DISCHARGE (CFS)   VERSUS TIME (SECONDS)
  -----------------------------------

    TIME                  .00     20.00   3000.00
    VALUE             3000.00       .00       .00



 SYSTEM CONNECTIVITY
 ===================


    SERIAL BRANCH  NUMBER   1
    -------------------------

        NODES:              1        2
        ELEMENTS:    HW   --- C1   ---



    JUNCTION BRANCH  NUMBER   2
    --------------------------

        NODE    2    LINKING 4 BRANCHES



    SERIAL BRANCH  NUMBER   3
    -------------------------

        NODES:          2      100
        ELEMENTS:     --- D1   --- ST   ---



    SERIAL BRANCH  NUMBER   4
    -------------------------

        NODES:          2        3
        ELEMENTS:     --- D2   ---



    SERIAL BRANCH  NUMBER   5
    -------------------------

        NODES:          3        4
        ELEMENTS:     --- C2   ---



    SERIAL BRANCH  NUMBER   6
    -------------------------

        NODES:          4        5
        ELEMENTS:     --- C3   ---




    SERIAL BRANCH  NUMBER   7
    -------------------------

        NODES:          5        6
        ELEMENTS:     --- C4   ---



    SERIAL BRANCH  NUMBER   8
    -------------------------

        NODES:          2       21
        ELEMENTS:     --- D3   ---



    SERIAL BRANCH  NUMBER   9
    -------------------------

        NODES:         21       22
        ELEMENTS:     --- C9   ---



    SERIAL BRANCH  NUMBER  10
    -------------------------

        NODES:         22       23
        ELEMENTS:     --- C10  ---



    SERIAL BRANCH  NUMBER  11
    -------------------------

        NODES:         23       24
        ELEMENTS:     --- C11  ---



    JUNCTION BRANCH  NUMBER  12
    --------------------------

        NODE   24    LINKING 3 BRANCHES




    SERIAL BRANCH  NUMBER  13
    -------------------------

        NODES:         24       25
        ELEMENTS:     --- C12  ---



    SERIAL BRANCH  NUMBER  14
    -------------------------

        NODES:         25       53
        ELEMENTS:     --- C13  --- FB3  ---



    SERIAL BRANCH  NUMBER  15
    -------------------------

        NODES:         24       26
        ELEMENTS:     --- C14  ---



    SERIAL BRANCH  NUMBER  16
    -------------------------

        NODES:         26       54
        ELEMENTS:     --- C15  --- FB4  ---



    JUNCTION BRANCH  NUMBER  17
    --------------------------

        NODE    6    LINKING 3 BRANCHES



    SERIAL BRANCH  NUMBER  18
    -------------------------

        NODES:          6        8
        ELEMENTS:     --- C7   ---




    SERIAL BRANCH  NUMBER  19
    -------------------------

        NODES:          8       52
        ELEMENTS:     --- C8   --- FB2  ---



    SERIAL BRANCH  NUMBER  20
    -------------------------

        NODES:          6        7
        ELEMENTS:     --- C5   ---



    SERIAL BRANCH  NUMBER  21
    -------------------------

        NODES:          7       51
        ELEMENTS:     --- C6   --- FB1  ---





                                                  * INDICATES SYSTEM DEFAULTS FOR JUNCTIONS OR DIAMETER CHANGES

 SYSTEM ELEVATIONS
 =================


      NODE      ELEVATION
     NUMBER      (FT-MSL)
     ------     ---------

         1       4022.31
         2       3947.44
       100      ********
         3       3940.78
         4       3891.57
         5       3486.88
         6       3437.66
         7       3437.66
        51       3437.66
         8       3437.66
        52       3437.66
        21       3940.78
        22       3891.57
        23       3486.88
        24       3437.66
        25       3437.66
        53       3437.66
        26       3437.66
        54       3437.66
OUTPUT REQUESTS
 ===============


     TIME HISTORIES
     --------------

                                                             ADJOINING
      LOCATION         PARAMETER    DIAMETER     ELEVATION      NODE
      --------         ---------    --------     ---------   ---------

      NODE     2       DISCHARGE       N.A.         N.A.        N.A.
      NODE     2     ENERGY ELEV.      N.A.         N.A.        N.A.
     ELEMENT ST        DISCHARGE       N.A.         N.A.        N.A.
     ELEMENT ST       W.S. ELEV.       N.A.         N.A.        N.A.
      NODE    51      PRES. HEAD       18.0       3437.7        N.A.
      NODE    51     ENERGY ELEV.      N.A.         N.A.        N.A.
      NODE    52      PRES. HEAD       18.0       3437.7        N.A.
      NODE    52     ENERGY ELEV.      N.A.         N.A.        N.A.
      NODE    53      PRES. HEAD       18.0       3437.7        N.A.
      NODE    53     ENERGY ELEV.      N.A.         N.A.        N.A.
      NODE    54      PRES. HEAD       18.0       3437.7        N.A.
      NODE    54     ENERGY ELEV.      N.A.         N.A.        N.A.
SIMULATION CONTROLS
 ===================


   COMPUTATION PARAMETERS
   ----------------------

      WEIGHTING RATIO (THETA) =  .60

      SYSTEM OF UNITS: ENGLISH 

      MAXIMUM SIMULATION TIME =  500.00 SECONDS

      FROM     .00 SECONDS TO  500.00 SECONDS
         COMPUTATIONAL TIME STEP =   .01 SECONDS
         OUTPUT TIME STEP =   .10


   MATRIX SOLUTION ACCURACY TESTING
   ---------------------------

      SELECTIVE PRINT-OUT OPTION:
            HEADS WILL BE PRINTED ONLY IF ERROR EXCEEDS      .100
            FLOWS WILL BE PRINTED ONLY IF ERROR EXCEEDS     1.00


   SUMMARY OF INPUT ERRORS
   -----------------------

      NO INPUT ERRORS


   RUN STATUS
   ----------

      THIS RUN IS A SIMULATION RUN

 SIMULATION SUMMARY
 ==================

 RUN OF  2/ 3/26   AT 10:44:38  
 TITLED: c Project Name                                                  

               MAXIMUM             MINIMUM             MAXIMUM             MINIMUM
     NODE    ENERGY ELEV.  TIME  ENERGY ELEV.  TIME   DISCHARGE    TIME   DISCHARGE    TIME
    NUMBER      (FEET)    (SEC)     (FEET)    (SEC)     (CFS)     (SEC)     (CFS)     (SEC)
    ------     --------   ------   --------   ------   --------   ------   --------   ------

       1        4130.6       .0     4130.6       .0    ********    10.0    ********    10.0

     *** POSSIBLE COLUMN SEPARATION: MINIMUM PRESSURE =-74215.2 FEET (GAGE)
                                     AT TIME   10.04 SECONDS

       2       25319.0     10.0     2491.4     10.0    237808.9    10.0    ********    10.0
               25319.0     10.0     2491.4     10.0    250031.4    10.0    ********    10.0

     *** POSSIBLE COLUMN SEPARATION: MINIMUM PRESSURE =******** FEET (GAGE)
                                     AT TIME   10.04 SECONDS

               25319.0     10.0     2491.4     10.0    137154.8    10.0     -6166.1    10.0

     *** POSSIBLE COLUMN SEPARATION: MINIMUM PRESSURE = -1457.8 FEET (GAGE)
                                     AT TIME   10.03 SECONDS

               25319.0     10.0     2491.4     10.0    136442.5    10.0     -6056.4    10.0

     *** POSSIBLE COLUMN SEPARATION: MINIMUM PRESSURE = -1457.7 FEET (GAGE)
                                     AT TIME   10.03 SECONDS

     100        4540.8     10.0    -1196.6     10.0    250031.4    10.0    ********    10.0
                4124.2     10.0     3970.0     10.0    ********    10.0    ********    10.0
                4124.2     10.0     3970.0     10.0    ********    10.0    ********    10.0
       3       25322.5     10.0     2486.6     10.0    137154.8    10.0     -6166.1    10.0

     *** POSSIBLE COLUMN SEPARATION: MINIMUM PRESSURE = -1457.2 FEET (GAGE)
                                     AT TIME   10.03 SECONDS

       4        5438.8     10.0    *******     10.0     11118.1    10.0    -82283.5    10.0

     *** POSSIBLE COLUMN SEPARATION: MINIMUM PRESSURE =-14428.6 FEET (GAGE)
                                     AT TIME   10.04 SECONDS

       5       16283.7     10.0     3018.3     10.0     79960.1    10.0     -2968.8    10.0

     *** POSSIBLE COLUMN SEPARATION: MINIMUM PRESSURE =  -469.2 FEET (GAGE)
                                     AT TIME   10.03 SECONDS

       6        5150.4     10.0    -5412.7     10.0      9739.4    10.0    -62818.9    10.0
                5150.4     10.0    -5412.7     10.0      4857.2    10.0    -31334.7    10.0

     *** POSSIBLE COLUMN SEPARATION: MINIMUM PRESSURE = -8979.4 FEET (GAGE)
                                     AT TIME   10.04 SECONDS

                5150.4     10.0    -5412.7     10.0      4882.2    10.0    -31484.2    10.0

     *** POSSIBLE COLUMN SEPARATION: MINIMUM PRESSURE = -8980.6 FEET (GAGE)
                                     AT TIME   10.04 SECONDS



               MAXIMUM             MINIMUM             MAXIMUM             MINIMUM
     NODE    ENERGY ELEV.  TIME  ENERGY ELEV.  TIME   DISCHARGE    TIME   DISCHARGE    TIME
    NUMBER      (FEET)    (SEC)     (FEET)    (SEC)     (CFS)     (SEC)     (CFS)     (SEC)
    ------     --------   ------   --------   ------   --------   ------   --------   ------

       7        7461.9     10.0     3655.9     10.0      4716.9    10.0      1514.9    10.0
      51        4682.7     10.0     1051.7     10.0      3000.0      .0      1865.0    10.0

     *** POSSIBLE COLUMN SEPARATION: MINIMUM PRESSURE = -2386.8 FEET (GAGE)
                                     AT TIME   10.04 SECONDS

       8        7540.1     10.0     3647.1     10.0      4383.9    10.0      1558.3    10.0
      52        4696.3     10.0      935.7     10.0      3000.0      .0      1865.0    10.0

     *** POSSIBLE COLUMN SEPARATION: MINIMUM PRESSURE = -2502.8 FEET (GAGE)
                                     AT TIME   10.04 SECONDS

      21       25322.4     10.0     2486.6     10.0    136442.5    10.0     -6056.4    10.0

     *** POSSIBLE COLUMN SEPARATION: MINIMUM PRESSURE = -1457.0 FEET (GAGE)
                                     AT TIME   10.03 SECONDS

      22        5443.8     10.0    *******     10.0     11002.4    10.0    -81519.0    10.0

     *** POSSIBLE COLUMN SEPARATION: MINIMUM PRESSURE =-14460.9 FEET (GAGE)
                                     AT TIME   10.04 SECONDS

      23       16344.0     10.0     3011.3     10.0     79158.3    10.0     -2850.3    10.0

     *** POSSIBLE COLUMN SEPARATION: MINIMUM PRESSURE =  -476.2 FEET (GAGE)
                                     AT TIME   10.03 SECONDS

      24        5160.5     10.0    -5500.1     10.0      9614.5    10.0    -61953.8    10.0
                5160.5     10.0    -5500.1     10.0      4935.7    10.0    -31965.0    10.0

     *** POSSIBLE COLUMN SEPARATION: MINIMUM PRESSURE = -9072.1 FEET (GAGE)
                                     AT TIME   10.04 SECONDS

                5160.5     10.0    -5500.1     10.0      4678.8    10.0    -29988.8    10.0

     *** POSSIBLE COLUMN SEPARATION: MINIMUM PRESSURE = -9056.0 FEET (GAGE)
                                     AT TIME   10.04 SECONDS

      25        7310.6     10.0     3663.8     10.0      4191.3    10.0      1569.7    10.0
      53        4680.0     10.0     1154.9     10.0      3000.0      .0      1865.0    10.0

     *** POSSIBLE COLUMN SEPARATION: MINIMUM PRESSURE = -2283.6 FEET (GAGE)
                                     AT TIME   10.04 SECONDS

      26        8672.7     10.0     3554.0     10.0      5877.5    10.0      1436.4    10.0
      54        4781.3     10.0      -88.3     10.0      3000.0      .0      1865.0    10.0

     *** POSSIBLE COLUMN SEPARATION: MINIMUM PRESSURE = -3526.8 FEET (GAGE)
                                     AT TIME   10.04 SECONDS



               MAXIMUM             MINIMUM             MAXIMUM             MINIMUM
     NODE    ENERGY ELEV.  TIME  ENERGY ELEV.  TIME   DISCHARGE    TIME   DISCHARGE    TIME
    NUMBER      (FEET)    (SEC)     (FEET)    (SEC)     (CFS)     (SEC)     (CFS)     (SEC)
    ------     --------   ------   --------   ------   --------   ------   --------   ------

SIMULATION OUTPUT
 =================

 TIME HISTORIES FOR RUN OF  2/ 3/26   AT 10:44:38  
 TITLED: c Project Name                                                  

     TIME    NODE NO 2      NODE NO 2      ELEMENT ST     ELEMENT ST     NODE NO 51     NODE NO 51     NODE NO 52     NODE NO 52  
              DISCHARGE     ENERGY ELEV.    DISCHARGE      W.S. ELEV.     PRES. HEAD    ENERGY ELEV.    PRES. HEAD    ENERGY ELEV.
    (SEC.)      (CFS)          (FEET)         (CFS)          (FEET)         (FEET)         (FEET)         (FEET)         (FEET) 
                                                                                                                                  
    ------   ------------   ------------   ------------   ------------   ------------   ------------   ------------   ------------

      .00       12000.0         4122.3             .0         4122.3          677.7         4117.5          677.7         4117.5
      .10       12000.0         4122.3             .0         4122.3          677.7         4117.5          677.7         4117.5
      .20       12000.0         4122.3             .1         4122.3          677.9         4117.7          677.9         4117.7
      .30       12000.0         4122.3            -.1         4122.3          678.1         4117.9          678.2         4117.9
      .40       12000.0         4122.3            -.1         4122.3          678.5         4118.3          678.5         4118.3
      .50       12000.0         4122.3             .7         4122.3          679.0         4118.8          679.0         4118.8
      .60       12000.0         4122.3             .0         4122.3          679.6         4119.4          679.6         4119.4
      .70       12000.0         4122.3           -1.5         4122.3          680.3         4120.1          680.3         4120.1
      .80       12000.0         4122.3           -1.5         4122.3          681.1         4120.9          681.1         4120.9
      .90       11999.9         4122.3            -.6         4122.3          682.0         4121.8          682.1         4121.8
     1.00       11999.7         4122.3            2.3         4122.3          682.9         4122.7          683.0         4122.8
     1.10       11999.4         4122.4            7.9         4122.3          684.0         4123.7          684.1         4123.8
     1.20       11999.2         4122.4           15.9         4122.3          685.1         4124.9          685.2         4124.9
     1.30       11999.0         4122.4           26.3         4122.3          686.3         4126.1          686.4         4126.2
     1.40       11998.8         4122.4           39.0         4122.3          687.7         4127.5          687.8         4127.6
     1.50       11998.6         4122.4           55.2         4122.3          689.2         4128.9          689.3         4129.0
     1.60       11998.5         4122.5           73.9         4122.3          690.6         4130.4          690.8         4130.5
     1.70       11998.4         4122.5           93.8         4122.3          692.1         4131.8          692.3         4132.0
     1.80       11998.2         4122.5          115.6         4122.3          693.5         4133.2          693.6         4133.4
     1.90       11997.9         4122.5          139.5         4122.3          694.7         4134.5          694.9         4134.7
     2.00       11997.6         4122.5          165.3         4122.3          695.9         4135.6          696.1         4135.8
     2.10       11997.2         4122.6          194.0         4122.3          696.9         4136.6          697.1         4136.9
     2.20       11996.8         4122.6          224.8         4122.3          697.8         4137.5          698.0         4137.7
     2.30       11996.6         4122.6          257.8         4122.3          698.5         4138.2          698.8         4138.5
     2.40       11996.5         4122.6          292.2         4122.3          699.2         4138.9          699.4         4139.1
     2.50       11996.4         4122.6          326.9         4122.3          699.8         4139.4          700.0         4139.7
     2.60       11996.5         4122.7          362.9         4122.3          700.3         4139.9          700.5         4140.2
     2.70       11996.5         4122.7          398.5         4122.3          700.7         4140.3          700.9         4140.6
     2.80       11996.4         4122.7          433.2         4122.3          701.0         4140.6          701.2         4140.9
     2.90       11996.3         4122.7          467.2         4122.3          701.2         4140.8          701.4         4141.1
     3.00       11996.0         4122.7          499.6         4122.4          701.3         4140.9          701.5         4141.2
     3.10       11995.6         4122.7          531.7         4122.4          701.3         4140.9          701.6         4141.2
     3.20       11995.2         4122.7          564.0         4122.4          701.3         4140.9          701.6         4141.2
     3.30       11994.8         4122.8          596.2         4122.4          701.3         4140.9          701.6         4141.2
     3.40       11994.6         4122.8          628.2         4122.4          701.4         4141.0          701.7         4141.3
     3.50       11994.4         4122.8          660.2         4122.4          701.5         4141.1          701.8         4141.4
     3.60       11994.3         4122.8          692.1         4122.4          701.8         4141.4          702.1         4141.7
     3.70       11994.2         4122.9          723.7         4122.4          702.3         4141.8          702.6         4142.2
     3.80       11993.9         4122.9          755.3         4122.4          702.9         4142.4          703.2         4142.7


     TIME    NODE NO 2      NODE NO 2      ELEMENT ST     ELEMENT ST     NODE NO 51     NODE NO 51     NODE NO 52     NODE NO 52  
              DISCHARGE     ENERGY ELEV.    DISCHARGE      W.S. ELEV.     PRES. HEAD    ENERGY ELEV.    PRES. HEAD    ENERGY ELEV.
    (SEC.)      (CFS)          (FEET)         (CFS)          (FEET)         (FEET)         (FEET)         (FEET)         (FEET) 
                                                                                                                                  
    ------   ------------   ------------   ------------   ------------   ------------   ------------   ------------   ------------

     3.90       11993.6         4122.9          787.0         4122.4          703.5         4143.0          703.9         4143.4
     4.00       11993.1         4123.0          819.0         4122.4          704.3         4143.8          704.6         4144.1
     4.10       11992.5         4123.0          851.4         4122.4          705.1         4144.6          705.5         4145.0
     4.20       11991.8         4123.1          885.2         4122.5          706.0         4145.5          706.4         4145.9
     4.30       11991.1         4123.1          921.7         4122.5          707.0         4146.5          707.4         4146.9
     4.40       11990.5         4123.2          960.8         4122.5          708.1         4147.5          708.5         4147.9
     4.50       11990.1         4123.2         1002.2         4122.5          709.2         4148.7          709.6         4149.1
     4.60       11989.6         4123.3         1045.5         4122.5          710.4         4149.9          710.8         4150.3
     4.70       11989.2         4123.4         1091.6         4122.5          711.7         4151.1          712.1         4151.5
     4.80       11988.6         4123.5         1139.3         4122.5          713.0         4152.4          713.4         4152.8
     4.90       11987.9         4123.5         1188.5         4122.5          714.3         4153.6          714.7         4154.1
     5.00       11987.0         4123.6         1240.0         4122.6          715.5         4154.8          715.9         4155.3
     5.10       11985.9         4123.7         1292.4         4122.6          716.5         4155.9          717.0         4156.3
     5.20       11984.8         4123.8         1346.1         4122.6          717.5         4156.8          717.9         4157.3
     5.30       11983.7         4123.9         1401.4         4122.6          718.3         4157.6          718.8         4158.1
     5.40       11982.5         4124.0         1457.6         4122.6          719.0         4158.3          719.5         4158.8
     5.50       11981.5         4124.1         1516.6         4122.6          719.6         4158.9          720.1         4159.3
     5.60       11980.4         4124.2         1576.2         4122.7          720.1         4159.3          720.5         4159.8
     5.70       11979.4         4124.3         1635.7         4122.7          720.4         4159.7          720.9         4160.2
     5.80       11978.3         4124.4         1695.7         4122.7          720.7         4160.0          721.2         4160.5
     5.90       11977.2         4124.5         1754.2         4122.7          721.0         4160.2          721.5         4160.7
     6.00       11976.0         4124.6         1812.1         4122.7          721.2         4160.4          721.7         4160.9
     6.10       11974.6         4124.7         1868.9         4122.8          721.3         4160.5          721.8         4161.0
     6.20       11973.2         4124.8         1925.2         4122.8          721.4         4160.5          721.9         4161.0
     6.30       11971.8         4124.9         1980.6         4122.8          721.4         4160.5          721.9         4161.0
     6.40       11970.5         4125.0         2034.9         4122.8          721.4         4160.5          721.9         4161.0
     6.50       11969.3         4125.1         2089.2         4122.9          721.4         4160.5          721.9         4161.0
     6.60       11968.1         4125.3         2143.8         4122.9          721.5         4160.6          722.1         4161.1
     6.70       11967.1         4125.4         2198.2         4122.9          721.7         4160.8          722.3         4161.3
     6.80       11966.0         4125.5         2251.9         4122.9          722.0         4161.1          722.6         4161.6
     6.90       11964.8         4125.6         2306.2         4123.0          722.5         4161.5          723.0         4162.1
     7.00       11963.5         4125.8         2360.1         4123.0          723.1         4162.1          723.6         4162.6
     7.10       11962.1         4125.9         2413.6         4123.0          723.8         4162.8          724.3         4163.3
     7.20       11960.6         4126.1         2467.9         4123.1          724.5         4163.5          725.1         4164.1
     7.30       11959.0         4126.2         2523.1         4123.1          725.4         4164.3          725.9         4164.9
     7.40       11957.5         4126.4         2579.6         4123.1          726.3         4165.2          726.9         4165.8
     7.50       11955.8         4126.6         2636.8         4123.2          727.2         4166.2          727.8         4166.8
     7.60       11954.1         4126.7         2696.6         4123.2          728.3         4167.2          728.8         4167.8
     7.70       11952.4         4126.9         2759.1         4123.2          729.3         4168.2          729.9         4168.8
     7.80       11950.5         4127.1         2822.5         4123.3          730.4         4169.3          731.0         4169.9
     7.90       11948.5         4127.3         2888.3         4123.3          731.6         4170.4          732.2         4171.0
     8.00       11946.4         4127.6         2955.5         4123.3          732.7         4171.5          733.3         4172.1
     8.10       11944.1         4127.8         3023.2         4123.4          733.8         4172.6          734.4         4173.2
     8.20       11941.7         4128.0         3092.2         4123.4          734.8         4173.6          735.4         4174.2


     TIME    NODE NO 2      NODE NO 2      ELEMENT ST     ELEMENT ST     NODE NO 51     NODE NO 51     NODE NO 52     NODE NO 52  
              DISCHARGE     ENERGY ELEV.    DISCHARGE      W.S. ELEV.     PRES. HEAD    ENERGY ELEV.    PRES. HEAD    ENERGY ELEV.
    (SEC.)      (CFS)          (FEET)         (CFS)          (FEET)         (FEET)         (FEET)         (FEET)         (FEET) 
                                                                                                                                  
    ------   ------------   ------------   ------------   ------------   ------------   ------------   ------------   ------------

     8.30       11939.2         4128.2         3162.6         4123.4          735.7         4174.5          736.3         4175.1
     8.40       11936.6         4128.5         3233.9         4123.5          736.5         4175.3          737.2         4175.9
     8.50       11934.0         4128.7         3306.2         4123.5          737.2         4176.0          737.9         4176.6
     8.60       11931.3         4129.0         3378.7         4123.6          737.8         4176.5          738.4         4177.2
     8.70       11928.6         4129.2         3451.7         4123.6          738.2         4177.0          738.9         4177.6
     8.80       11925.8         4129.5         3526.0         4123.6          738.6         4177.3          739.3         4178.0
     8.90       11922.8         4129.8         3599.5         4123.7          738.9         4177.6          739.6         4178.3
     9.00       11919.6         4130.0         3673.3         4123.7          739.2         4177.9          739.8         4178.5
     9.10       11916.1         4130.3         3747.1         4123.8          739.4         4178.0          740.0         4178.7
     9.20       11911.7         4130.6         3819.1         4123.8          739.6         4178.2          740.2         4178.8
     9.30       11905.1         4130.8         3892.8         4123.9          739.7         4178.3          740.3         4178.9
     9.40       11892.8         4131.1         3971.8         4123.9          739.8         4178.4          740.4         4179.0
     9.50       11863.8         4131.5         4065.9         4124.0          739.8         4178.4          740.5         4179.1
     9.60       11784.3         4132.0         4211.5         4124.0          739.8         4178.3          740.4         4179.0
     9.70       11541.8         4132.9         4520.6         4124.1          739.4         4177.9          740.0         4178.6
     9.80       10749.3         4135.5         5384.4         4124.1          737.8         4176.4          738.5         4177.0
     9.90        8065.1         4146.1         8121.9         4124.2          732.3         4170.8          732.9         4171.4
    10.00      -10046.9         4251.8        26448.7         4124.2          689.0         4127.5          689.2         4127.7
SIMULATION OUTPUT
 =================

 TIME HISTORIES FOR RUN OF  2/ 3/26   AT 10:44:38  
 TITLED: c Project Name                                                  

     TIME    NODE NO 53     NODE NO 53     NODE NO 54     NODE NO 54  
              PRES. HEAD    ENERGY ELEV.    PRES. HEAD    ENERGY ELEV.
    (SEC.)      (FEET)         (FEET)         (FEET)         (FEET) 
                                                                      
    ------   ------------   ------------   ------------   ------------
      .00         677.7         4117.5          677.7         4117.5
      .10         677.7         4117.5          677.7         4117.5
      .20         677.9         4117.7          677.9         4117.7
      .30         678.1         4117.9          678.1         4117.9
      .40         678.5         4118.3          678.5         4118.3
      .50         679.0         4118.8          679.0         4118.8
      .60         679.6         4119.4          679.6         4119.4
      .70         680.3         4120.1          680.3         4120.1
      .80         681.1         4120.9          681.1         4120.9
      .90         682.0         4121.8          682.0         4121.8
     1.00         683.0         4122.8          683.0         4122.7
     1.10         684.0         4123.8          684.0         4123.7
     1.20         685.2         4124.9          685.1         4124.9
     1.30         686.4         4126.2          686.3         4126.1
     1.40         687.8         4127.6          687.7         4127.5
     1.50         689.3         4129.0          689.2         4128.9
     1.60         690.8         4130.5          690.7         4130.4
     1.70         692.2         4132.0          692.1         4131.9
     1.80         693.6         4133.3          693.5         4133.2
     1.90         694.9         4134.6          694.8         4134.5
     2.00         696.1         4135.8          696.0         4135.7
     2.10         697.1         4136.8          697.0         4136.7
     2.20         698.0         4137.7          697.9         4137.6
     2.30         698.8         4138.5          698.6         4138.3
     2.40         699.4         4139.1          699.3         4138.9
     2.50         700.0         4139.7          699.9         4139.5
     2.60         700.5         4140.2          700.4         4140.0
     2.70         701.0         4140.6          700.8         4140.4
     2.80         701.3         4140.9          701.1         4140.7
     2.90         701.5         4141.1          701.3         4140.9
     3.00         701.6         4141.2          701.4         4141.0
     3.10         701.6         4141.2          701.4         4141.0
     3.20         701.6         4141.2          701.4         4141.0
     3.30         701.7         4141.2          701.4         4141.0
     3.40         701.7         4141.3          701.5         4141.1
     3.50         701.9         4141.4          701.6         4141.2
     3.60         702.1         4141.7          701.9         4141.5
     3.70         702.6         4142.1          702.4         4141.9
     3.80         703.2         4142.7          702.9         4142.5


     TIME    NODE NO 53     NODE NO 53     NODE NO 54     NODE NO 54  
              PRES. HEAD    ENERGY ELEV.    PRES. HEAD    ENERGY ELEV.
    (SEC.)      (FEET)         (FEET)         (FEET)         (FEET) 
                                                                      
    ------   ------------   ------------   ------------   ------------
     3.90         703.8         4143.3          703.6         4143.1
     4.00         704.6         4144.1          704.3         4143.8
     4.10         705.4         4144.9          705.2         4144.6
     4.20         706.3         4145.8          706.1         4145.6
     4.30         707.3         4146.8          707.1         4146.5
     4.40         708.4         4147.9          708.1         4147.6
     4.50         709.6         4149.0          709.3         4148.7
     4.60         710.8         4150.2          710.5         4149.9
     4.70         712.0         4151.4          711.7         4151.1
     4.80         713.3         4152.7          713.0         4152.4
     4.90         714.6         4154.0          714.3         4153.7
     5.00         715.8         4155.2          715.5         4154.9
     5.10         716.9         4156.3          716.6         4156.0
     5.20         717.9         4157.2          717.6         4156.9
     5.30         718.7         4158.1          718.4         4157.7
     5.40         719.5         4158.8          719.1         4158.4
     5.50         720.1         4159.3          719.7         4159.0
     5.60         720.6         4159.8          720.2         4159.5
     5.70         720.9         4160.2          720.6         4159.9
     5.80         721.3         4160.5          720.9         4160.1
     5.90         721.5         4160.7          721.2         4160.4
     6.00         721.7         4160.9          721.4         4160.6
     6.10         721.9         4161.1          721.5         4160.7
     6.20         721.9         4161.1          721.6         4160.7
     6.30         722.0         4161.1          721.6         4160.7
     6.40         722.0         4161.1          721.6         4160.7
     6.50         722.0         4161.1          721.6         4160.7
     6.60         722.1         4161.2          721.7         4160.8
     6.70         722.3         4161.4          721.9         4161.0
     6.80         722.6         4161.6          722.2         4161.3
     6.90         723.0         4162.0          722.6         4161.7
     7.00         723.6         4162.6          723.2         4162.2
     7.10         724.2         4163.2          723.9         4162.9
     7.20         725.0         4164.0          724.6         4163.6
     7.30         725.9         4164.8          725.5         4164.4
     7.40         726.8         4165.7          726.4         4165.3
     7.50         727.7         4166.6          727.3         4166.2
     7.60         728.7         4167.6          728.3         4167.2
     7.70         729.8         4168.7          729.4         4168.3
     7.80         730.9         4169.8          730.5         4169.4
     7.90         732.0         4170.9          731.6         4170.5
     8.00         733.2         4172.0          732.7         4171.6
     8.10         734.3         4173.1          733.8         4172.7
     8.20         735.3         4174.1          734.9         4173.7


     TIME    NODE NO 53     NODE NO 53     NODE NO 54     NODE NO 54  
              PRES. HEAD    ENERGY ELEV.    PRES. HEAD    ENERGY ELEV.
    (SEC.)      (FEET)         (FEET)         (FEET)         (FEET) 
                                                                      
    ------   ------------   ------------   ------------   ------------
     8.30         736.3         4175.1          735.8         4174.6
     8.40         737.1         4175.9          736.7         4175.5
     8.50         737.9         4176.6          737.4         4176.2
     8.60         738.4         4177.2          738.0         4176.7
     8.70         738.9         4177.6          738.5         4177.2
     8.80         739.3         4178.0          738.9         4177.6
     8.90         739.6         4178.3          739.2         4177.9
     9.00         739.9         4178.6          739.4         4178.1
     9.10         740.1         4178.8          739.6         4178.3
     9.20         740.3         4178.9          739.8         4178.4
     9.30         740.4         4179.0          740.0         4178.6
     9.40         740.5         4179.1          740.0         4178.6
     9.50         740.6         4179.2          740.1         4178.7
     9.60         740.5         4179.1          740.0         4178.6
     9.70         740.1         4178.6          739.6         4178.1
     9.80         738.5         4177.0          738.0         4176.5
     9.90         732.9         4171.4          732.3         4170.8
    10.00         689.5         4128.0          685.8         4124.3

     *** POSSIBLE COLUMN SEPARATION - SEE SIMULATION SUMMARY ***
 *** LETAM-TEST *** FOR BRANCH  1 AT TIME    10.05Q BY MATRIX SOLUTION = **********
                                                   Q BY BACK-SUBSTITUTION = **********
 *** LETAM-TEST *** FOR BRANCH  1 AT TIME    10.05H BY MATRIX SOLUTION = **********
                                                   H BY BACK-SUBSTITUTION = **********

     EXECUTION ENDING DUE TO INACCURATE MATRIX SOLUTION
     ROUND-OFF ERRORS CAN BE REDUCED BY SUB-DIVIDING LONG PIPELINES
      INTO A NUMBER OF INDIVIDUAL CONDUIT ELEMENTS.
      NOTE THAT THIS MAY INCREASE COMPUTATIONAL TIME SOMEWHAT.
      EXECUTION ON A P.C. WILL BE MORE SUSCEPTIBLE TO ROUND-
      OFF PROBLEMS THAN MAINFRAME OR MINI EXECUTION.
